# JRE version: OpenJDK Runtime Environment Temurin-17.0.10+7 (17.0.10+7) (build 17.0.10+7)
# Java VM: OpenJDK 64-Bit Server VM Temurin-17.0.10+7 (17.0.10+7, mixed mode, emulated-client, tiered, compressed oops, compressed class ptrs, g1 gc, windows-amd64)
GC Precious Log:
 CPUs: 8 total, 8 available
 Memory: 4007M
 Large Page Support: Disabled
 NUMA Support: Disabled
 Compressed Oops: Enabled (32-bit)
 Heap Region Size: 1M
 Heap Min Capacity: 8M
 Heap Initial Capacity: 64M
 Heap Max Capacity: 1G
 Pre-touch: Disabled
 Parallel Workers: 8
 Concurrent Workers: 2
 Concurrent Refinement Workers: 8
 Periodic GC: Disabled
Heap:
 garbage-first heap   total 137216K, used 37623K [0x00000000c0000000, 0x0000000100000000)
  region size 1024K, 1 young (1024K), 1 survivors (1024K)
 Metaspace       used 61180K, committed 61632K, reserved 1114112K
  class space    used 7693K, committed 7936K, reserved 1048576K
GC Heap History (20 events):
Event: 9338.618 GC heap after
{Heap after GC invocations=523 (full 411):
 garbage-first heap   total 218112K, used 48311K [0x00000000c0000000, 0x0000000100000000)
  region size 1024K, 2 young (2048K), 2 survivors (2048K)
 Metaspace       used 61185K, committed 61632K, reserved 1114112K
  class space    used 7694K, committed 7936K, reserved 1048576K
}
Event: 9350.687 GC heap before
{Heap before GC invocations=523 (full 411):
 garbage-first heap   total 218112K, used 50359K [0x00000000c0000000, 0x0000000100000000)
  region size 1024K, 5 young (5120K), 2 survivors (2048K)
 Metaspace       used 61185K, committed 61632K, reserved 1114112K
  class space    used 7694K, committed 7936K, reserved 1048576K
}
Event: 9355.646 GC heap after
{Heap after GC invocations=524 (full 412):
 garbage-first heap   total 137216K, used 36788K [0x00000000c0000000, 0x0000000100000000)
  region size 1024K, 0 young (0K), 0 survivors (0K)
 Metaspace       used 61180K, committed 61632K, reserved 1114112K
  class space    used 7693K, committed 7936K, reserved 1048576K
}
Event: 9389.047 GC heap before
{Heap before GC invocations=524 (full 412):
 garbage-first heap   total 137216K, used 41908K [0x00000000c0000000, 0x0000000100000000)
  region size 1024K, 6 young (6144K), 0 survivors (0K)
 Metaspace       used 61180K, committed 61632K, reserved 1114112K
  class space    used 7693K, committed 7936K, reserved 1048576K
}
Event: 9389.059 GC heap after
{Heap after GC invocations=525 (full 412):
 garbage-first heap   total 137216K, used 37799K [0x00000000c0000000, 0x0000000100000000)
  region size 1024K, 1 young (1024K), 1 survivors (1024K)
 Metaspace       used 61180K, committed 61632K, reserved 1114112K
  class space    used 7693K, committed 7936K, reserved 1048576K
}
Event: 9390.001 GC heap before
{Heap before GC invocations=525 (full 412):
 garbage-first heap   total 137216K, used 42919K [0x00000000c0000000, 0x0000000100000000)
  region size 1024K, 6 young (6144K), 1 survivors (1024K)
 Metaspace       used 61180K, committed 61632K, reserved 1114112K
  class space    used 7693K, committed 7936K, reserved 1048576K
}
Event: 9390.019 GC heap after
{Heap after GC invocations=526 (full 412):
 garbage-first heap   total 137216K, used 37680K [0x00000000c0000000, 0x0000000100000000)
  region size 1024K, 1 young (1024K), 1 survivors (1024K)
 Metaspace       used 61180K, committed 61632K, reserved 1114112K
  class space    used 7693K, committed 7936K, reserved 1048576K
}
Event: 9394.252 GC heap before
{Heap before GC invocations=526 (full 412):
 garbage-first heap   total 137216K, used 42800K [0x00000000c0000000, 0x0000000100000000)
  region size 1024K, 6 young (6144K), 1 survivors (1024K)
 Metaspace       used 61180K, committed 61632K, reserved 1114112K
  class space    used 7693K, committed 7936K, reserved 1048576K
}
Event: 9394.276 GC heap after
{Heap after GC invocations=527 (full 412):
 garbage-first heap   total 137216K, used 37476K [0x00000000c0000000, 0x0000000100000000)
  region size 1024K, 1 young (1024K), 1 survivors (1024K)
 Metaspace       used 61180K, committed 61632K, reserved 1114112K
  class space    used 7693K, committed 7936K, reserved 1048576K
}
Event: 9396.936 GC heap before
{Heap before GC invocations=527 (full 412):
 garbage-first heap   total 137216K, used 42596K [0x00000000c0000000, 0x0000000100000000)
  region size 1024K, 6 young (6144K), 1 survivors (1024K)
 Metaspace       used 61180K, committed 61632K, reserved 1114112K
  class space    used 7693K, committed 7936K, reserved 1048576K
}
Event: 9396.966 GC heap after
{Heap after GC invocations=528 (full 412):
 garbage-first heap   total 137216K, used 37412K [0x00000000c0000000, 0x0000000100000000)
  region size 1024K, 1 young (1024K), 1 survivors (1024K)
 Metaspace       used 61180K, committed 61632K, reserved 1114112K
  class space    used 7693K, committed 7936K, reserved 1048576K
}
Event: 9397.907 GC heap before
{Heap before GC invocations=528 (full 412):
 garbage-first heap   total 137216K, used 42532K [0x00000000c0000000, 0x0000000100000000)
  region size 1024K, 6 young (6144K), 1 survivors (1024K)
 Metaspace       used 61180K, committed 61632K, reserved 1114112K
  class space    used 7693K, committed 7936K, reserved 1048576K
}
Event: 9397.915 GC heap after
{Heap after GC invocations=529 (full 412):
 garbage-first heap   total 137216K, used 37446K [0x00000000c0000000, 0x0000000100000000)
  region size 1024K, 1 young (1024K), 1 survivors (1024K)
 Metaspace       used 61180K, committed 61632K, reserved 1114112K
  class space    used 7693K, committed 7936K, reserved 1048576K
}
Event: 9399.647 GC heap before
{Heap before GC invocations=529 (full 412):
 garbage-first heap   total 137216K, used 42566K [0x00000000c0000000, 0x0000000100000000)
  region size 1024K, 6 young (6144K), 1 survivors (1024K)
 Metaspace       used 61180K, committed 61632K, reserved 1114112K
  class space    used 7693K, committed 7936K, reserved 1048576K
}
Event: 9399.664 GC heap after
{Heap after GC invocations=530 (full 412):
 garbage-first heap   total 137216K, used 37264K [0x00000000c0000000, 0x0000000100000000)
  region size 1024K, 1 young (1024K), 1 survivors (1024K)
 Metaspace       used 61180K, committed 61632K, reserved 1114112K
  class space    used 7693K, committed 7936K, reserved 1048576K
}
Event: 9402.340 GC heap before
{Heap before GC invocations=530 (full 412):
 garbage-first heap   total 137216K, used 42384K [0x00000000c0000000, 0x0000000100000000)
  region size 1024K, 6 young (6144K), 1 survivors (1024K)
 Metaspace       used 61180K, committed 61632K, reserved 1114112K
  class space    used 7693K, committed 7936K, reserved 1048576K
}
Event: 9402.353 GC heap after
{Heap after GC invocations=531 (full 412):
 garbage-first heap   total 137216K, used 37011K [0x00000000c0000000, 0x0000000100000000)
  region size 1024K, 1 young (1024K), 1 survivors (1024K)
 Metaspace       used 61180K, committed 61632K, reserved 1114112K
  class space    used 7693K, committed 7936K, reserved 1048576K
}
Event: 9402.915 GC heap before
{Heap before GC invocations=531 (full 412):
 garbage-first heap   total 137216K, used 42131K [0x00000000c0000000, 0x0000000100000000)
  region size 1024K, 6 young (6144K), 1 survivors (1024K)
 Metaspace       used 61180K, committed 61632K, reserved 1114112K
  class space    used 7693K, committed 7936K, reserved 1048576K
}
Event: 9402.934 GC heap after
{Heap after GC invocations=532 (full 412):
 garbage-first heap   total 137216K, used 37212K [0x00000000c0000000, 0x0000000100000000)
  region size 1024K, 1 young (1024K), 1 survivors (1024K)
 Metaspace       used 61180K, committed 61632K, reserved 1114112K
  class space    used 7693K, committed 7936K, reserved 1048576K
}
Event: 9403.609 GC heap before
{Heap before GC invocations=532 (full 412):
 garbage-first heap   total 137216K, used 42332K [0x00000000c0000000, 0x0000000100000000)
  region size 1024K, 6 young (6144K), 1 survivors (1024K)
 Metaspace       used 61180K, committed 61632K, reserved 1114112K
  class space    used 7693K, committed 7936K, reserved 1048576K
}

